<?xml version="1.0" encoding="UTF-8"?>
<!-- Generated by org.testng.reporters.JUnitReportReporter -->
<testsuite hostname="DESKTOP-QI22BOU" name="com.acti.base.DriverScript" tests="1" failures="0" timestamp="30 Jul 2020 16:52:27 GMT" time="13.386" errors="0">
  <testcase name="initBrowser" time="13.386" classname="com.acti.base.DriverScript"/>
</testsuite> <!-- com.acti.base.DriverScript -->
